start-------
0
5000
10000
15000
20000
25000
30000
35000
40000
45000
50000
55000
60000
65000
70000
75000
80000
85000
90000
95000
100000
105000
110000
115000
120000
125000
130000
135000
140000
145000
150000
155000
160000
165000
170000
175000
180000
185000
190000
195000
200000
205000
210000
215000
220000
225000
230000
235000
240000
245000
250000
255000
260000
265000
270000
275000
280000
285000
290000
295000
300000
305000
310000
315000
320000
325000
330000
335000
340000
345000
350000
355000
360000
365000
370000
375000
380000
385000
390000
395000
400000
405000
410000
415000
420000
425000
430000
435000
440000
445000
450000
455000
460000
465000
470000
475000
480000
485000
490000
495000
500000
505000
510000
515000
520000
525000
530000
535000
540000
545000
550000
555000
560000
565000
570000
575000
580000
585000
590000
595000
600000
605000
610000
615000
620000
625000
630000
635000
640000
645000
650000
655000
660000
665000
670000
675000
680000
685000
690000
695000
700000
705000
710000
715000
720000
725000
730000
735000
740000
745000
750000
755000
760000
765000
770000
775000
780000
785000
790000
795000
800000
805000
810000
815000
820000
825000
830000
835000
840000
845000
850000
855000
860000
865000
870000
875000
880000
885000
890000
895000
900000
905000
910000
915000
920000
925000
930000
935000
940000
945000
950000
955000
960000
965000
970000
975000
980000
985000
990000
995000
1000000
1005000
1010000
1015000
1020000
1025000
1030000
1035000
1040000
1045000
1050000
1055000
1060000
1065000
1070000
1075000
1080000
1085000
1090000
1095000
1100000
1105000
1110000
1115000
1120000
1125000
1130000
1135000
1140000
1145000
1150000
1155000
1160000
1165000
1170000
1175000
1180000
1185000
1190000
1195000
1200000
1205000
1210000
1215000
1220000
1225000
1230000
1235000
1240000
1245000
1250000
1255000
1260000
1265000
1270000
1275000
1280000
1285000
1290000
1295000
1300000
1305000
1310000
1315000
1320000
1325000
1330000
1335000
1340000
1345000
1350000
1355000
1360000
1365000
1370000
1375000
1380000
1385000
1390000
1395000
1400000
1405000
1410000
1415000
1420000
1425000
1430000
1435000
1440000
1445000
1450000
1455000
1460000
1465000
1470000
1475000
1480000
1485000
1490000
1495000
1500000
1505000
1510000
1515000
1520000
1525000
1530000
1535000
1540000
1545000
1550000
1555000
1560000
(1560899, 128)
start clustering---------
end load train data
end cluseter
benign accuracy
0.7747861969288211
end load test
test1
0.9989952273298166
0.3814690866870422
0.6185309133129578
0.001004772670183371
3977
4
72451
44683
test1
0.9974880683245416
0.9131848993460481
0.08681510065395188
0.0025119316754584277
3971
10
10169
106965
end load test
test2
1.0
0.760594442907395
0.23940555709260503
0.0
4057
0
30286
96219
test2
0.9990140497904856
0.9484368206790246
0.051563179320975455
0.0009859502095144195
4053
4
6523
119982
end load test
test3
0.9997757596143065
0.3412637603202402
0.6587362396797598
0.0002242403856934634
17834
4
84255
43649
test3
0.9997196995178832
0.8954762947210407
0.10452370527895923
0.00028030048211682924
17833
5
13369
114535
end load test
test4
1.0
0.7868747380617804
0.21312526193821957
0.0
16963
0
25935
95754
test4
0.9999410481636503
0.9549671704098152
0.045032829590184814
5.8951836349702294e-05
16962
1
5480
116209
