start-------
0
5000
10000
15000
20000
25000
30000
35000
40000
45000
50000
55000
60000
65000
70000
75000
80000
85000
90000
95000
100000
105000
110000
115000
120000
125000
130000
135000
140000
145000
150000
155000
160000
165000
170000
175000
180000
185000
190000
195000
200000
205000
210000
215000
220000
225000
230000
235000
240000
245000
250000
255000
260000
265000
270000
275000
280000
285000
290000
295000
300000
305000
310000
315000
320000
325000
330000
335000
340000
345000
350000
355000
360000
365000
370000
375000
380000
385000
390000
395000
400000
405000
410000
415000
420000
425000
430000
435000
440000
445000
450000
455000
460000
465000
470000
475000
480000
485000
490000
495000
500000
505000
510000
515000
520000
525000
530000
535000
540000
545000
550000
555000
560000
565000
570000
575000
580000
585000
590000
595000
600000
605000
610000
615000
620000
625000
630000
635000
640000
645000
650000
655000
660000
665000
670000
675000
680000
685000
690000
695000
700000
705000
710000
715000
720000
725000
730000
735000
740000
745000
750000
755000
760000
765000
770000
775000
780000
785000
790000
795000
800000
805000
810000
815000
820000
825000
830000
835000
840000
845000
850000
855000
860000
865000
870000
875000
880000
885000
890000
895000
900000
905000
910000
915000
920000
925000
930000
935000
940000
945000
950000
955000
960000
965000
970000
975000
980000
985000
990000
995000
1000000
1005000
1010000
1015000
1020000
1025000
1030000
1035000
1040000
(1042532, 128)
start clustering---------
end load train data
end cluseter
benign accuracy
0.7853130647308668
end load test
test1
0.9996461220878797
0.08958372987512973
0.9104162701248703
0.0003538779121203185
16949
6
507009
49889
test1
0.9995871424358597
0.9402745206483054
0.05972547935169457
0.00041285756414037155
16948
7
33261
523637
end load test
test2
0.9999409820585458
0.7247798401300637
0.2752201598699363
5.901794145420208e-05
16943
1
30471
80244
test2
0.9999409820585458
0.9575757575757575
0.04242424242424243
5.901794145420208e-05
16943
1
4697
106018
end load test
test3
0.9996464557185788
0.6428003287642178
0.3571996712357823
0.00035354428142124803
5655
2
53890
96978
test3
0.9991161392964468
0.9254911578333378
0.07450884216666225
0.00088386070355312
5652
5
11241
139627
end load test
test4
1.0
0.7374203755790867
0.2625796244209133
0.0
4095
0
50785
142623
test4
0.999023199023199
0.9623490238252813
0.03765097617471873
0.0009768009768009768
4091
4
7282
186126
